<?xml version="1.0" encoding="UTF-8"?>
<!-- Generated by org.testng.reporters.JUnitReportReporter -->
<testsuite skipped="0" hostname="AbhiMurali" name="TestPack.NewTest" tests="2" failures="0" timestamp="28 Mar 2019 17:15:35 GMT" time="41.513" errors="0">
  <testcase name="invokeBrowser" time="24.796" classname="TestPack.NewTest"/>
  <testcase name="navigateCommands" time="16.717" classname="TestPack.NewTest"/>
</testsuite> <!-- TestPack.NewTest -->
